# JRE version: OpenJDK Runtime Environment (8.0_112-b06) (build 1.8.0_112-release-b06)
# Java VM: OpenJDK 64-Bit Server VM (25.112-b06 mixed mode linux-amd64 compressed oops)
Heap:
 PSYoungGen      total 95232K, used 5097K [0x00000000eab00000, 0x00000000f0d80000, 0x0000000100000000)
  eden space 90112K, 0% used [0x00000000eab00000,0x00000000eab00000,0x00000000f0300000)
  from space 5120K, 99% used [0x00000000f0380000,0x00000000f087a4d8,0x00000000f0880000)
  to   space 4096K, 0% used [0x00000000f0980000,0x00000000f0980000,0x00000000f0d80000)
 ParOldGen       total 153088K, used 28773K [0x00000000c0000000, 0x00000000c9580000, 0x00000000eab00000)
  object space 153088K, 18% used [0x00000000c0000000,0x00000000c1c19608,0x00000000c9580000)
 Metaspace       used 4708K, capacity 5424K, committed 5632K, reserved 1056768K
  class space    used 478K, capacity 488K, committed 512K, reserved 1048576K
GC Heap History (10 events):
Event: 0,297 GC heap after
Heap after GC invocations=1 (full 0):
 PSYoungGen      total 36864K, used 5107K [0x00000000eab00000, 0x00000000ef300000, 0x0000000100000000)
  eden space 31744K, 0% used [0x00000000eab00000,0x00000000eab00000,0x00000000eca00000)
  from space 5120K, 99% used [0x00000000eca00000,0x00000000ecefcf90,0x00000000ecf00000)
  to   space 5120K, 0% used [0x00000000eee00000,0x00000000eee00000,0x00000000ef300000)
 ParOldGen       total 84992K, used 3672K [0x00000000c0000000, 0x00000000c5300000, 0x00000000eab00000)
  object space 84992K, 4% used [0x00000000c0000000,0x00000000c03962e0,0x00000000c5300000)
 Metaspace       used 3494K, capacity 4720K, committed 4864K, reserved 1056768K
  class space    used 363K, capacity 424K, committed 512K, reserved 1048576K
}
Event: 0,372 GC heap before
{Heap before GC invocations=2 (full 0):
 PSYoungGen      total 36864K, used 36851K [0x00000000eab00000, 0x00000000ef300000, 0x0000000100000000)
  eden space 31744K, 100% used [0x00000000eab00000,0x00000000eca00000,0x00000000eca00000)
  from space 5120K, 99% used [0x00000000eca00000,0x00000000ecefcf90,0x00000000ecf00000)
  to   space 5120K, 0% used [0x00000000eee00000,0x00000000eee00000,0x00000000ef300000)
 ParOldGen       total 84992K, used 3672K [0x00000000c0000000, 0x00000000c5300000, 0x00000000eab00000)
  object space 84992K, 4% used [0x00000000c0000000,0x00000000c03962e0,0x00000000c5300000)
 Metaspace       used 3784K, capacity 4944K, committed 5120K, reserved 1056768K
  class space    used 392K, capacity 456K, committed 512K, reserved 1048576K
Event: 0,382 GC heap after
Heap after GC invocations=2 (full 0):
 PSYoungGen      total 68608K, used 5118K [0x00000000eab00000, 0x00000000ef300000, 0x0000000100000000)
  eden space 63488K, 0% used [0x00000000eab00000,0x00000000eab00000,0x00000000ee900000)
  from space 5120K, 99% used [0x00000000eee00000,0x00000000ef2ffb40,0x00000000ef300000)
  to   space 5120K, 0% used [0x00000000ee900000,0x00000000ee900000,0x00000000eee00000)
 ParOldGen       total 84992K, used 73342K [0x00000000c0000000, 0x00000000c5300000, 0x00000000eab00000)
  object space 84992K, 86% used [0x00000000c0000000,0x00000000c479fa08,0x00000000c5300000)
 Metaspace       used 3784K, capacity 4944K, committed 5120K, reserved 1056768K
  class space    used 392K, capacity 456K, committed 512K, reserved 1048576K
}
Event: 0,382 GC heap before
{Heap before GC invocations=3 (full 1):
 PSYoungGen      total 68608K, used 5118K [0x00000000eab00000, 0x00000000ef300000, 0x0000000100000000)
  eden space 63488K, 0% used [0x00000000eab00000,0x00000000eab00000,0x00000000ee900000)
  from space 5120K, 99% used [0x00000000eee00000,0x00000000ef2ffb40,0x00000000ef300000)
  to   space 5120K, 0% used [0x00000000ee900000,0x00000000ee900000,0x00000000eee00000)
 ParOldGen       total 84992K, used 73342K [0x00000000c0000000, 0x00000000c5300000, 0x00000000eab00000)
  object space 84992K, 86% used [0x00000000c0000000,0x00000000c479fa08,0x00000000c5300000)
 Metaspace       used 3784K, capacity 4944K, committed 5120K, reserved 1056768K
  class space    used 392K, capacity 456K, committed 512K, reserved 1048576K
Event: 0,395 GC heap after
Heap after GC invocations=3 (full 1):
 PSYoungGen      total 68608K, used 0K [0x00000000eab00000, 0x00000000ef300000, 0x0000000100000000)
  eden space 63488K, 0% used [0x00000000eab00000,0x00000000eab00000,0x00000000ee900000)
  from space 5120K, 0% used [0x00000000eee00000,0x00000000eee00000,0x00000000ef300000)
  to   space 5120K, 0% used [0x00000000ee900000,0x00000000ee900000,0x00000000eee00000)
 ParOldGen       total 153088K, used 19643K [0x00000000c0000000, 0x00000000c9580000, 0x00000000eab00000)
  object space 153088K, 12% used [0x00000000c0000000,0x00000000c132ed00,0x00000000c9580000)
 Metaspace       used 3784K, capacity 4944K, committed 5120K, reserved 1056768K
  class space    used 392K, capacity 456K, committed 512K, reserved 1048576K
}
Event: 0,837 GC heap before
{Heap before GC invocations=4 (full 1):
 PSYoungGen      total 68608K, used 63488K [0x00000000eab00000, 0x00000000ef300000, 0x0000000100000000)
  eden space 63488K, 100% used [0x00000000eab00000,0x00000000ee900000,0x00000000ee900000)
  from space 5120K, 0% used [0x00000000eee00000,0x00000000eee00000,0x00000000ef300000)
  to   space 5120K, 0% used [0x00000000ee900000,0x00000000ee900000,0x00000000eee00000)
 ParOldGen       total 153088K, used 19643K [0x00000000c0000000, 0x00000000c9580000, 0x00000000eab00000)
  object space 153088K, 12% used [0x00000000c0000000,0x00000000c132ed00,0x00000000c9580000)
 Metaspace       used 4347K, capacity 5424K, committed 5632K, reserved 1056768K
  class space    used 445K, capacity 488K, committed 512K, reserved 1048576K
Event: 0,840 GC heap after
Heap after GC invocations=4 (full 1):
 PSYoungGen      total 68608K, used 3957K [0x00000000eab00000, 0x00000000f0e80000, 0x0000000100000000)
  eden space 63488K, 0% used [0x00000000eab00000,0x00000000eab00000,0x00000000ee900000)
  from space 5120K, 77% used [0x00000000ee900000,0x00000000eecdd438,0x00000000eee00000)
  to   space 5120K, 0% used [0x00000000f0980000,0x00000000f0980000,0x00000000f0e80000)
 ParOldGen       total 153088K, used 19907K [0x00000000c0000000, 0x00000000c9580000, 0x00000000eab00000)
  object space 153088K, 13% used [0x00000000c0000000,0x00000000c1370d18,0x00000000c9580000)
 Metaspace       used 4347K, capacity 5424K, committed 5632K, reserved 1056768K
  class space    used 445K, capacity 488K, committed 512K, reserved 1048576K
}
Event: 0,943 GC heap before
{Heap before GC invocations=5 (full 1):
 PSYoungGen      total 68608K, used 67445K [0x00000000eab00000, 0x00000000f0e80000, 0x0000000100000000)
  eden space 63488K, 100% used [0x00000000eab00000,0x00000000ee900000,0x00000000ee900000)
  from space 5120K, 77% used [0x00000000ee900000,0x00000000eecdd438,0x00000000eee00000)
  to   space 5120K, 0% used [0x00000000f0980000,0x00000000f0980000,0x00000000f0e80000)
 ParOldGen       total 153088K, used 19907K [0x00000000c0000000, 0x00000000c9580000, 0x00000000eab00000)
  object space 153088K, 13% used [0x00000000c0000000,0x00000000c1370d18,0x00000000c9580000)
 Metaspace       used 4370K, capacity 5424K, committed 5632K, reserved 1056768K
  class space    used 445K, capacity 488K, committed 512K, reserved 1048576K
Event: 0,946 GC heap after
Heap after GC invocations=5 (full 1):
 PSYoungGen      total 94208K, used 3646K [0x00000000eab00000, 0x00000000f0d80000, 0x0000000100000000)
  eden space 90112K, 0% used [0x00000000eab00000,0x00000000eab00000,0x00000000f0300000)
  from space 4096K, 89% used [0x00000000f0980000,0x00000000f0d0fa50,0x00000000f0d80000)
  to   space 5120K, 0% used [0x00000000f0380000,0x00000000f0380000,0x00000000f0880000)
 ParOldGen       total 153088K, used 19907K [0x00000000c0000000, 0x00000000c9580000, 0x00000000eab00000)
  object space 153088K, 13% used [0x00000000c0000000,0x00000000c1370d18,0x00000000c9580000)
 Metaspace       used 4370K, capacity 5424K, committed 5632K, reserved 1056768K
  class space    used 445K, capacity 488K, committed 512K, reserved 1048576K
}
Event: 2,642 GC heap before
{Heap before GC invocations=6 (full 1):
 PSYoungGen      total 94208K, used 93758K [0x00000000eab00000, 0x00000000f0d80000, 0x0000000100000000)
  eden space 90112K, 100% used [0x00000000eab00000,0x00000000f0300000,0x00000000f0300000)
  from space 4096K, 89% used [0x00000000f0980000,0x00000000f0d0fa50,0x00000000f0d80000)
  to   space 5120K, 0% used [0x00000000f0380000,0x00000000f0380000,0x00000000f0880000)
 ParOldGen       total 153088K, used 19907K [0x00000000c0000000, 0x00000000c9580000, 0x00000000eab00000)
  object space 153088K, 13% used [0x00000000c0000000,0x00000000c1370d18,0x00000000c9580000)
 Metaspace       used 4708K, capacity 5424K, committed 5632K, reserved 1056768K
  class space    used 478K, capacity 488K, committed 512K, reserved 1048576K

