# JRE version: OpenJDK Runtime Environment (8.0_112-b06) (build 1.8.0_112-release-b06)
# Java VM: OpenJDK 64-Bit Server VM (25.112-b06 mixed mode linux-amd64 compressed oops)
Heap:
 PSYoungGen      total 89088K, used 5089K [0x00000000eab00000, 0x00000000f0700000, 0x0000000100000000)
  eden space 83968K, 0% used [0x00000000eab00000,0x00000000eab00000,0x00000000efd00000)
  from space 5120K, 99% used [0x00000000efd00000,0x00000000f01f8488,0x00000000f0200000)
  to   space 5120K, 0% used [0x00000000f0200000,0x00000000f0200000,0x00000000f0700000)
 ParOldGen       total 142848K, used 28006K [0x00000000c0000000, 0x00000000c8b80000, 0x00000000eab00000)
  object space 142848K, 19% used [0x00000000c0000000,0x00000000c1b59a00,0x00000000c8b80000)
 Metaspace       used 4711K, capacity 5424K, committed 5632K, reserved 1056768K
  class space    used 478K, capacity 488K, committed 512K, reserved 1048576K
GC Heap History (10 events):
Event: 0,159 GC heap after
Heap after GC invocations=1 (full 0):
 PSYoungGen      total 36864K, used 5098K [0x00000000eab00000, 0x00000000ef300000, 0x0000000100000000)
  eden space 31744K, 0% used [0x00000000eab00000,0x00000000eab00000,0x00000000eca00000)
  from space 5120K, 99% used [0x00000000eca00000,0x00000000ecefab70,0x00000000ecf00000)
  to   space 5120K, 0% used [0x00000000eee00000,0x00000000eee00000,0x00000000ef300000)
 ParOldGen       total 84992K, used 3680K [0x00000000c0000000, 0x00000000c5300000, 0x00000000eab00000)
  object space 84992K, 4% used [0x00000000c0000000,0x00000000c03982e0,0x00000000c5300000)
 Metaspace       used 3498K, capacity 4720K, committed 4864K, reserved 1056768K
  class space    used 363K, capacity 424K, committed 512K, reserved 1048576K
}
Event: 0,234 GC heap before
{Heap before GC invocations=2 (full 0):
 PSYoungGen      total 36864K, used 36842K [0x00000000eab00000, 0x00000000ef300000, 0x0000000100000000)
  eden space 31744K, 100% used [0x00000000eab00000,0x00000000eca00000,0x00000000eca00000)
  from space 5120K, 99% used [0x00000000eca00000,0x00000000ecefab70,0x00000000ecf00000)
  to   space 5120K, 0% used [0x00000000eee00000,0x00000000eee00000,0x00000000ef300000)
 ParOldGen       total 84992K, used 3680K [0x00000000c0000000, 0x00000000c5300000, 0x00000000eab00000)
  object space 84992K, 4% used [0x00000000c0000000,0x00000000c03982e0,0x00000000c5300000)
 Metaspace       used 3786K, capacity 4944K, committed 5120K, reserved 1056768K
  class space    used 392K, capacity 456K, committed 512K, reserved 1048576K
Event: 0,246 GC heap after
Heap after GC invocations=2 (full 0):
 PSYoungGen      total 68608K, used 5113K [0x00000000eab00000, 0x00000000ef300000, 0x0000000100000000)
  eden space 63488K, 0% used [0x00000000eab00000,0x00000000eab00000,0x00000000ee900000)
  from space 5120K, 99% used [0x00000000eee00000,0x00000000ef2fe780,0x00000000ef300000)
  to   space 5120K, 0% used [0x00000000ee900000,0x00000000ee900000,0x00000000eee00000)
 ParOldGen       total 84992K, used 62569K [0x00000000c0000000, 0x00000000c5300000, 0x00000000eab00000)
  object space 84992K, 73% used [0x00000000c0000000,0x00000000c3d1a7f0,0x00000000c5300000)
 Metaspace       used 3786K, capacity 4944K, committed 5120K, reserved 1056768K
  class space    used 392K, capacity 456K, committed 512K, reserved 1048576K
}
Event: 0,246 GC heap before
{Heap before GC invocations=3 (full 1):
 PSYoungGen      total 68608K, used 5113K [0x00000000eab00000, 0x00000000ef300000, 0x0000000100000000)
  eden space 63488K, 0% used [0x00000000eab00000,0x00000000eab00000,0x00000000ee900000)
  from space 5120K, 99% used [0x00000000eee00000,0x00000000ef2fe780,0x00000000ef300000)
  to   space 5120K, 0% used [0x00000000ee900000,0x00000000ee900000,0x00000000eee00000)
 ParOldGen       total 84992K, used 62569K [0x00000000c0000000, 0x00000000c5300000, 0x00000000eab00000)
  object space 84992K, 73% used [0x00000000c0000000,0x00000000c3d1a7f0,0x00000000c5300000)
 Metaspace       used 3786K, capacity 4944K, committed 5120K, reserved 1056768K
  class space    used 392K, capacity 456K, committed 512K, reserved 1048576K
Event: 0,275 GC heap after
Heap after GC invocations=3 (full 1):
 PSYoungGen      total 68608K, used 0K [0x00000000eab00000, 0x00000000ef300000, 0x0000000100000000)
  eden space 63488K, 0% used [0x00000000eab00000,0x00000000eab00000,0x00000000ee900000)
  from space 5120K, 0% used [0x00000000eee00000,0x00000000eee00000,0x00000000ef300000)
  to   space 5120K, 0% used [0x00000000ee900000,0x00000000ee900000,0x00000000eee00000)
 ParOldGen       total 142848K, used 18899K [0x00000000c0000000, 0x00000000c8b80000, 0x00000000eab00000)
  object space 142848K, 13% used [0x00000000c0000000,0x00000000c1274d10,0x00000000c8b80000)
 Metaspace       used 3786K, capacity 4944K, committed 5120K, reserved 1056768K
  class space    used 392K, capacity 456K, committed 512K, reserved 1048576K
}
Event: 0,533 GC heap before
{Heap before GC invocations=4 (full 1):
 PSYoungGen      total 68608K, used 63488K [0x00000000eab00000, 0x00000000ef300000, 0x0000000100000000)
  eden space 63488K, 100% used [0x00000000eab00000,0x00000000ee900000,0x00000000ee900000)
  from space 5120K, 0% used [0x00000000eee00000,0x00000000eee00000,0x00000000ef300000)
  to   space 5120K, 0% used [0x00000000ee900000,0x00000000ee900000,0x00000000eee00000)
 ParOldGen       total 142848K, used 18899K [0x00000000c0000000, 0x00000000c8b80000, 0x00000000eab00000)
  object space 142848K, 13% used [0x00000000c0000000,0x00000000c1274d10,0x00000000c8b80000)
 Metaspace       used 4355K, capacity 5424K, committed 5632K, reserved 1056768K
  class space    used 444K, capacity 488K, committed 512K, reserved 1048576K
Event: 0,535 GC heap after
Heap after GC invocations=4 (full 1):
 PSYoungGen      total 68608K, used 4286K [0x00000000eab00000, 0x00000000f0700000, 0x0000000100000000)
  eden space 63488K, 0% used [0x00000000eab00000,0x00000000eab00000,0x00000000ee900000)
  from space 5120K, 83% used [0x00000000ee900000,0x00000000eed2fa70,0x00000000eee00000)
  to   space 5120K, 0% used [0x00000000f0200000,0x00000000f0200000,0x00000000f0700000)
 ParOldGen       total 142848K, used 19163K [0x00000000c0000000, 0x00000000c8b80000, 0x00000000eab00000)
  object space 142848K, 13% used [0x00000000c0000000,0x00000000c12b6d28,0x00000000c8b80000)
 Metaspace       used 4355K, capacity 5424K, committed 5632K, reserved 1056768K
  class space    used 444K, capacity 488K, committed 512K, reserved 1048576K
}
Event: 0,609 GC heap before
{Heap before GC invocations=5 (full 1):
 PSYoungGen      total 68608K, used 67774K [0x00000000eab00000, 0x00000000f0700000, 0x0000000100000000)
  eden space 63488K, 100% used [0x00000000eab00000,0x00000000ee900000,0x00000000ee900000)
  from space 5120K, 83% used [0x00000000ee900000,0x00000000eed2fa70,0x00000000eee00000)
  to   space 5120K, 0% used [0x00000000f0200000,0x00000000f0200000,0x00000000f0700000)
 ParOldGen       total 142848K, used 19163K [0x00000000c0000000, 0x00000000c8b80000, 0x00000000eab00000)
  object space 142848K, 13% used [0x00000000c0000000,0x00000000c12b6d28,0x00000000c8b80000)
 Metaspace       used 4377K, capacity 5424K, committed 5632K, reserved 1056768K
  class space    used 445K, capacity 488K, committed 512K, reserved 1048576K
Event: 0,613 GC heap after
Heap after GC invocations=5 (full 1):
 PSYoungGen      total 89088K, used 3742K [0x00000000eab00000, 0x00000000f0700000, 0x0000000100000000)
  eden space 83968K, 0% used [0x00000000eab00000,0x00000000eab00000,0x00000000efd00000)
  from space 5120K, 73% used [0x00000000f0200000,0x00000000f05a7a58,0x00000000f0700000)
  to   space 5120K, 0% used [0x00000000efd00000,0x00000000efd00000,0x00000000f0200000)
 ParOldGen       total 142848K, used 19163K [0x00000000c0000000, 0x00000000c8b80000, 0x00000000eab00000)
  object space 142848K, 13% used [0x00000000c0000000,0x00000000c12b6d28,0x00000000c8b80000)
 Metaspace       used 4377K, capacity 5424K, committed 5632K, reserved 1056768K
  class space    used 445K, capacity 488K, committed 512K, reserved 1048576K
}
Event: 1,014 GC heap before
{Heap before GC invocations=6 (full 1):
 PSYoungGen      total 89088K, used 87710K [0x00000000eab00000, 0x00000000f0700000, 0x0000000100000000)
  eden space 83968K, 100% used [0x00000000eab00000,0x00000000efd00000,0x00000000efd00000)
  from space 5120K, 73% used [0x00000000f0200000,0x00000000f05a7a58,0x00000000f0700000)
  to   space 5120K, 0% used [0x00000000efd00000,0x00000000efd00000,0x00000000f0200000)
 ParOldGen       total 142848K, used 19163K [0x00000000c0000000, 0x00000000c8b80000, 0x00000000eab00000)
  object space 142848K, 13% used [0x00000000c0000000,0x00000000c12b6d28,0x00000000c8b80000)
 Metaspace       used 4711K, capacity 5424K, committed 5632K, reserved 1056768K
  class space    used 478K, capacity 488K, committed 512K, reserved 1048576K

