# JRE version: OpenJDK Runtime Environment (8.0_112-b06) (build 1.8.0_112-release-b06)
# Java VM: OpenJDK 64-Bit Server VM (25.112-b06 mixed mode linux-amd64 compressed oops)
Heap:
 PSYoungGen      total 49664K, used 4360K [0x00000000eab00000, 0x00000000ee100000, 0x0000000100000000)
  eden space 44544K, 0% used [0x00000000eab00000,0x00000000eab00000,0x00000000ed680000)
  from space 5120K, 85% used [0x00000000ed700000,0x00000000edb42158,0x00000000edc00000)
  to   space 4608K, 0% used [0x00000000edc80000,0x00000000edc80000,0x00000000ee100000)
 ParOldGen       total 140800K, used 19116K [0x00000000c0000000, 0x00000000c8980000, 0x00000000eab00000)
  object space 140800K, 13% used [0x00000000c0000000,0x00000000c12ab0f0,0x00000000c8980000)
 Metaspace       used 4382K, capacity 5424K, committed 5632K, reserved 1056768K
  class space    used 445K, capacity 488K, committed 512K, reserved 1048576K
GC Heap History (10 events):
Event: 0,398 GC heap after
Heap after GC invocations=1 (full 0):
 PSYoungGen      total 36864K, used 5114K [0x00000000eab00000, 0x00000000ed400000, 0x0000000100000000)
  eden space 31744K, 0% used [0x00000000eab00000,0x00000000eab00000,0x00000000eca00000)
  from space 5120K, 99% used [0x00000000eca00000,0x00000000ecefe860,0x00000000ecf00000)
  to   space 5120K, 0% used [0x00000000ecf00000,0x00000000ecf00000,0x00000000ed400000)
 ParOldGen       total 84992K, used 3742K [0x00000000c0000000, 0x00000000c5300000, 0x00000000eab00000)
  object space 84992K, 4% used [0x00000000c0000000,0x00000000c03a7a98,0x00000000c5300000)
 Metaspace       used 3501K, capacity 4720K, committed 4864K, reserved 1056768K
  class space    used 363K, capacity 424K, committed 512K, reserved 1048576K
}
Event: 0,474 GC heap before
{Heap before GC invocations=2 (full 0):
 PSYoungGen      total 36864K, used 36858K [0x00000000eab00000, 0x00000000ed400000, 0x0000000100000000)
  eden space 31744K, 100% used [0x00000000eab00000,0x00000000eca00000,0x00000000eca00000)
  from space 5120K, 99% used [0x00000000eca00000,0x00000000ecefe860,0x00000000ecf00000)
  to   space 5120K, 0% used [0x00000000ecf00000,0x00000000ecf00000,0x00000000ed400000)
 ParOldGen       total 84992K, used 3742K [0x00000000c0000000, 0x00000000c5300000, 0x00000000eab00000)
  object space 84992K, 4% used [0x00000000c0000000,0x00000000c03a7a98,0x00000000c5300000)
 Metaspace       used 3787K, capacity 4944K, committed 5120K, reserved 1056768K
  class space    used 392K, capacity 456K, committed 512K, reserved 1048576K
Event: 0,488 GC heap after
Heap after GC invocations=2 (full 0):
 PSYoungGen      total 36864K, used 5111K [0x00000000eab00000, 0x00000000ef300000, 0x0000000100000000)
  eden space 31744K, 0% used [0x00000000eab00000,0x00000000eab00000,0x00000000eca00000)
  from space 5120K, 99% used [0x00000000ecf00000,0x00000000ed3fdeb0,0x00000000ed400000)
  to   space 5120K, 0% used [0x00000000eca00000,0x00000000eca00000,0x00000000ecf00000)
 ParOldGen       total 84992K, used 64208K [0x00000000c0000000, 0x00000000c5300000, 0x00000000eab00000)
  object space 84992K, 75% used [0x00000000c0000000,0x00000000c3eb4370,0x00000000c5300000)
 Metaspace       used 3787K, capacity 4944K, committed 5120K, reserved 1056768K
  class space    used 392K, capacity 456K, committed 512K, reserved 1048576K
}
Event: 0,488 GC heap before
{Heap before GC invocations=3 (full 1):
 PSYoungGen      total 36864K, used 5111K [0x00000000eab00000, 0x00000000ef300000, 0x0000000100000000)
  eden space 31744K, 0% used [0x00000000eab00000,0x00000000eab00000,0x00000000eca00000)
  from space 5120K, 99% used [0x00000000ecf00000,0x00000000ed3fdeb0,0x00000000ed400000)
  to   space 5120K, 0% used [0x00000000eca00000,0x00000000eca00000,0x00000000ecf00000)
 ParOldGen       total 84992K, used 64208K [0x00000000c0000000, 0x00000000c5300000, 0x00000000eab00000)
  object space 84992K, 75% used [0x00000000c0000000,0x00000000c3eb4370,0x00000000c5300000)
 Metaspace       used 3787K, capacity 4944K, committed 5120K, reserved 1056768K
  class space    used 392K, capacity 456K, committed 512K, reserved 1048576K
Event: 0,522 GC heap after
Heap after GC invocations=3 (full 1):
 PSYoungGen      total 36864K, used 0K [0x00000000eab00000, 0x00000000ef300000, 0x0000000100000000)
  eden space 31744K, 0% used [0x00000000eab00000,0x00000000eab00000,0x00000000eca00000)
  from space 5120K, 0% used [0x00000000ecf00000,0x00000000ecf00000,0x00000000ed400000)
  to   space 5120K, 0% used [0x00000000eca00000,0x00000000eca00000,0x00000000ecf00000)
 ParOldGen       total 140800K, used 18836K [0x00000000c0000000, 0x00000000c8980000, 0x00000000eab00000)
  object space 140800K, 13% used [0x00000000c0000000,0x00000000c12650d8,0x00000000c8980000)
 Metaspace       used 3787K, capacity 4944K, committed 5120K, reserved 1056768K
  class space    used 392K, capacity 456K, committed 512K, reserved 1048576K
}
Event: 0,613 GC heap before
{Heap before GC invocations=4 (full 1):
 PSYoungGen      total 36864K, used 31744K [0x00000000eab00000, 0x00000000ef300000, 0x0000000100000000)
  eden space 31744K, 100% used [0x00000000eab00000,0x00000000eca00000,0x00000000eca00000)
  from space 5120K, 0% used [0x00000000ecf00000,0x00000000ecf00000,0x00000000ed400000)
  to   space 5120K, 0% used [0x00000000eca00000,0x00000000eca00000,0x00000000ecf00000)
 ParOldGen       total 140800K, used 18836K [0x00000000c0000000, 0x00000000c8980000, 0x00000000eab00000)
  object space 140800K, 13% used [0x00000000c0000000,0x00000000c12650d8,0x00000000c8980000)
 Metaspace       used 3888K, capacity 5008K, committed 5120K, reserved 1056768K
  class space    used 398K, capacity 456K, committed 512K, reserved 1048576K
Event: 0,614 GC heap after
Heap after GC invocations=4 (full 1):
 PSYoungGen      total 36864K, used 928K [0x00000000eab00000, 0x00000000ee180000, 0x0000000100000000)
  eden space 31744K, 0% used [0x00000000eab00000,0x00000000eab00000,0x00000000eca00000)
  from space 5120K, 18% used [0x00000000eca00000,0x00000000ecae8000,0x00000000ecf00000)
  to   space 5120K, 0% used [0x00000000edc80000,0x00000000edc80000,0x00000000ee180000)
 ParOldGen       total 140800K, used 18844K [0x00000000c0000000, 0x00000000c8980000, 0x00000000eab00000)
  object space 140800K, 13% used [0x00000000c0000000,0x00000000c12670d8,0x00000000c8980000)
 Metaspace       used 3888K, capacity 5008K, committed 5120K, reserved 1056768K
  class space    used 398K, capacity 456K, committed 512K, reserved 1048576K
}
Event: 0,734 GC heap before
{Heap before GC invocations=5 (full 1):
 PSYoungGen      total 36864K, used 32672K [0x00000000eab00000, 0x00000000ee180000, 0x0000000100000000)
  eden space 31744K, 100% used [0x00000000eab00000,0x00000000eca00000,0x00000000eca00000)
  from space 5120K, 18% used [0x00000000eca00000,0x00000000ecae8000,0x00000000ecf00000)
  to   space 5120K, 0% used [0x00000000edc80000,0x00000000edc80000,0x00000000ee180000)
 ParOldGen       total 140800K, used 18844K [0x00000000c0000000, 0x00000000c8980000, 0x00000000eab00000)
  object space 140800K, 13% used [0x00000000c0000000,0x00000000c12670d8,0x00000000c8980000)
 Metaspace       used 4361K, capacity 5424K, committed 5632K, reserved 1056768K
  class space    used 444K, capacity 488K, committed 512K, reserved 1048576K
Event: 0,736 GC heap after
Heap after GC invocations=5 (full 1):
 PSYoungGen      total 49152K, used 4147K [0x00000000eab00000, 0x00000000ee100000, 0x0000000100000000)
  eden space 44544K, 0% used [0x00000000eab00000,0x00000000eab00000,0x00000000ed680000)
  from space 4608K, 90% used [0x00000000edc80000,0x00000000ee08cea8,0x00000000ee100000)
  to   space 5120K, 0% used [0x00000000ed700000,0x00000000ed700000,0x00000000edc00000)
 ParOldGen       total 140800K, used 19108K [0x00000000c0000000, 0x00000000c8980000, 0x00000000eab00000)
  object space 140800K, 13% used [0x00000000c0000000,0x00000000c12a90f0,0x00000000c8980000)
 Metaspace       used 4361K, capacity 5424K, committed 5632K, reserved 1056768K
  class space    used 444K, capacity 488K, committed 512K, reserved 1048576K
}
Event: 0,799 GC heap before
{Heap before GC invocations=6 (full 1):
 PSYoungGen      total 49152K, used 48691K [0x00000000eab00000, 0x00000000ee100000, 0x0000000100000000)
  eden space 44544K, 100% used [0x00000000eab00000,0x00000000ed680000,0x00000000ed680000)
  from space 4608K, 90% used [0x00000000edc80000,0x00000000ee08cea8,0x00000000ee100000)
  to   space 5120K, 0% used [0x00000000ed700000,0x00000000ed700000,0x00000000edc00000)
 ParOldGen       total 140800K, used 19108K [0x00000000c0000000, 0x00000000c8980000, 0x00000000eab00000)
  object space 140800K, 13% used [0x00000000c0000000,0x00000000c12a90f0,0x00000000c8980000)
 Metaspace       used 4382K, capacity 5424K, committed 5632K, reserved 1056768K
  class space    used 445K, capacity 488K, committed 512K, reserved 1048576K

