# JRE version: OpenJDK Runtime Environment (8.0_112-b06) (build 1.8.0_112-release-b06)
# Java VM: OpenJDK 64-Bit Server VM (25.112-b06 mixed mode linux-amd64 compressed oops)
Heap:
 PSYoungGen      total 96768K, used 5097K [0x00000000eab00000, 0x00000000f0f80000, 0x0000000100000000)
  eden space 91648K, 0% used [0x00000000eab00000,0x00000000eab00000,0x00000000f0480000)
  from space 5120K, 99% used [0x00000000f0580000,0x00000000f0a7a480,0x00000000f0a80000)
  to   space 4096K, 0% used [0x00000000f0b80000,0x00000000f0b80000,0x00000000f0f80000)
 ParOldGen       total 154112K, used 28760K [0x00000000c0000000, 0x00000000c9680000, 0x00000000eab00000)
  object space 154112K, 18% used [0x00000000c0000000,0x00000000c1c16058,0x00000000c9680000)
 Metaspace       used 4717K, capacity 5424K, committed 5632K, reserved 1056768K
  class space    used 478K, capacity 488K, committed 512K, reserved 1048576K
GC Heap History (10 events):
Event: 0,111 GC heap after
Heap after GC invocations=1 (full 0):
 PSYoungGen      total 36864K, used 5114K [0x00000000eab00000, 0x00000000ef300000, 0x0000000100000000)
  eden space 31744K, 0% used [0x00000000eab00000,0x00000000eab00000,0x00000000eca00000)
  from space 5120K, 99% used [0x00000000eca00000,0x00000000ecefe860,0x00000000ecf00000)
  to   space 5120K, 0% used [0x00000000eee00000,0x00000000eee00000,0x00000000ef300000)
 ParOldGen       total 84992K, used 3686K [0x00000000c0000000, 0x00000000c5300000, 0x00000000eab00000)
  object space 84992K, 4% used [0x00000000c0000000,0x00000000c0399a98,0x00000000c5300000)
 Metaspace       used 3493K, capacity 4720K, committed 4864K, reserved 1056768K
  class space    used 363K, capacity 424K, committed 512K, reserved 1048576K
}
Event: 0,210 GC heap before
{Heap before GC invocations=2 (full 0):
 PSYoungGen      total 36864K, used 36858K [0x00000000eab00000, 0x00000000ef300000, 0x0000000100000000)
  eden space 31744K, 100% used [0x00000000eab00000,0x00000000eca00000,0x00000000eca00000)
  from space 5120K, 99% used [0x00000000eca00000,0x00000000ecefe860,0x00000000ecf00000)
  to   space 5120K, 0% used [0x00000000eee00000,0x00000000eee00000,0x00000000ef300000)
 ParOldGen       total 84992K, used 3686K [0x00000000c0000000, 0x00000000c5300000, 0x00000000eab00000)
  object space 84992K, 4% used [0x00000000c0000000,0x00000000c0399a98,0x00000000c5300000)
 Metaspace       used 3784K, capacity 4944K, committed 5120K, reserved 1056768K
  class space    used 392K, capacity 456K, committed 512K, reserved 1048576K
Event: 0,229 GC heap after
Heap after GC invocations=2 (full 0):
 PSYoungGen      total 68608K, used 5093K [0x00000000eab00000, 0x00000000ef300000, 0x0000000100000000)
  eden space 63488K, 0% used [0x00000000eab00000,0x00000000eab00000,0x00000000ee900000)
  from space 5120K, 99% used [0x00000000eee00000,0x00000000ef2f94a0,0x00000000ef300000)
  to   space 5120K, 0% used [0x00000000ee900000,0x00000000ee900000,0x00000000eee00000)
 ParOldGen       total 84992K, used 74745K [0x00000000c0000000, 0x00000000c5300000, 0x00000000eab00000)
  object space 84992K, 87% used [0x00000000c0000000,0x00000000c48fe6c8,0x00000000c5300000)
 Metaspace       used 3784K, capacity 4944K, committed 5120K, reserved 1056768K
  class space    used 392K, capacity 456K, committed 512K, reserved 1048576K
}
Event: 0,230 GC heap before
{Heap before GC invocations=3 (full 1):
 PSYoungGen      total 68608K, used 5093K [0x00000000eab00000, 0x00000000ef300000, 0x0000000100000000)
  eden space 63488K, 0% used [0x00000000eab00000,0x00000000eab00000,0x00000000ee900000)
  from space 5120K, 99% used [0x00000000eee00000,0x00000000ef2f94a0,0x00000000ef300000)
  to   space 5120K, 0% used [0x00000000ee900000,0x00000000ee900000,0x00000000eee00000)
 ParOldGen       total 84992K, used 74745K [0x00000000c0000000, 0x00000000c5300000, 0x00000000eab00000)
  object space 84992K, 87% used [0x00000000c0000000,0x00000000c48fe6c8,0x00000000c5300000)
 Metaspace       used 3784K, capacity 4944K, committed 5120K, reserved 1056768K
  class space    used 392K, capacity 456K, committed 512K, reserved 1048576K
Event: 0,247 GC heap after
Heap after GC invocations=3 (full 1):
 PSYoungGen      total 68608K, used 0K [0x00000000eab00000, 0x00000000ef300000, 0x0000000100000000)
  eden space 63488K, 0% used [0x00000000eab00000,0x00000000eab00000,0x00000000ee900000)
  from space 5120K, 0% used [0x00000000eee00000,0x00000000eee00000,0x00000000ef300000)
  to   space 5120K, 0% used [0x00000000ee900000,0x00000000ee900000,0x00000000eee00000)
 ParOldGen       total 154112K, used 19642K [0x00000000c0000000, 0x00000000c9680000, 0x00000000eab00000)
  object space 154112K, 12% used [0x00000000c0000000,0x00000000c132eba8,0x00000000c9680000)
 Metaspace       used 3784K, capacity 4944K, committed 5120K, reserved 1056768K
  class space    used 392K, capacity 456K, committed 512K, reserved 1048576K
}
Event: 0,571 GC heap before
{Heap before GC invocations=4 (full 1):
 PSYoungGen      total 68608K, used 63488K [0x00000000eab00000, 0x00000000ef300000, 0x0000000100000000)
  eden space 63488K, 100% used [0x00000000eab00000,0x00000000ee900000,0x00000000ee900000)
  from space 5120K, 0% used [0x00000000eee00000,0x00000000eee00000,0x00000000ef300000)
  to   space 5120K, 0% used [0x00000000ee900000,0x00000000ee900000,0x00000000eee00000)
 ParOldGen       total 154112K, used 19642K [0x00000000c0000000, 0x00000000c9680000, 0x00000000eab00000)
  object space 154112K, 12% used [0x00000000c0000000,0x00000000c132eba8,0x00000000c9680000)
 Metaspace       used 4360K, capacity 5424K, committed 5632K, reserved 1056768K
  class space    used 445K, capacity 488K, committed 512K, reserved 1048576K
Event: 0,576 GC heap after
Heap after GC invocations=4 (full 1):
 PSYoungGen      total 68608K, used 4147K [0x00000000eab00000, 0x00000000f1080000, 0x0000000100000000)
  eden space 63488K, 0% used [0x00000000eab00000,0x00000000eab00000,0x00000000ee900000)
  from space 5120K, 81% used [0x00000000ee900000,0x00000000eed0cea8,0x00000000eee00000)
  to   space 5120K, 0% used [0x00000000f0b80000,0x00000000f0b80000,0x00000000f1080000)
 ParOldGen       total 154112K, used 19650K [0x00000000c0000000, 0x00000000c9680000, 0x00000000eab00000)
  object space 154112K, 12% used [0x00000000c0000000,0x00000000c1330ba8,0x00000000c9680000)
 Metaspace       used 4360K, capacity 5424K, committed 5632K, reserved 1056768K
  class space    used 445K, capacity 488K, committed 512K, reserved 1048576K
}
Event: 0,642 GC heap before
{Heap before GC invocations=5 (full 1):
 PSYoungGen      total 68608K, used 67635K [0x00000000eab00000, 0x00000000f1080000, 0x0000000100000000)
  eden space 63488K, 100% used [0x00000000eab00000,0x00000000ee900000,0x00000000ee900000)
  from space 5120K, 81% used [0x00000000ee900000,0x00000000eed0cea8,0x00000000eee00000)
  to   space 5120K, 0% used [0x00000000f0b80000,0x00000000f0b80000,0x00000000f1080000)
 ParOldGen       total 154112K, used 19650K [0x00000000c0000000, 0x00000000c9680000, 0x00000000eab00000)
  object space 154112K, 12% used [0x00000000c0000000,0x00000000c1330ba8,0x00000000c9680000)
 Metaspace       used 4384K, capacity 5424K, committed 5632K, reserved 1056768K
  class space    used 445K, capacity 488K, committed 512K, reserved 1048576K
Event: 0,645 GC heap after
Heap after GC invocations=5 (full 1):
 PSYoungGen      total 95744K, used 3904K [0x00000000eab00000, 0x00000000f0f80000, 0x0000000100000000)
  eden space 91648K, 0% used [0x00000000eab00000,0x00000000eab00000,0x00000000f0480000)
  from space 4096K, 95% used [0x00000000f0b80000,0x00000000f0f50018,0x00000000f0f80000)
  to   space 5120K, 0% used [0x00000000f0580000,0x00000000f0580000,0x00000000f0a80000)
 ParOldGen       total 154112K, used 19658K [0x00000000c0000000, 0x00000000c9680000, 0x00000000eab00000)
  object space 154112K, 12% used [0x00000000c0000000,0x00000000c1332ba8,0x00000000c9680000)
 Metaspace       used 4384K, capacity 5424K, committed 5632K, reserved 1056768K
  class space    used 445K, capacity 488K, committed 512K, reserved 1048576K
}
Event: 0,924 GC heap before
{Heap before GC invocations=6 (full 1):
 PSYoungGen      total 95744K, used 95552K [0x00000000eab00000, 0x00000000f0f80000, 0x0000000100000000)
  eden space 91648K, 100% used [0x00000000eab00000,0x00000000f0480000,0x00000000f0480000)
  from space 4096K, 95% used [0x00000000f0b80000,0x00000000f0f50018,0x00000000f0f80000)
  to   space 5120K, 0% used [0x00000000f0580000,0x00000000f0580000,0x00000000f0a80000)
 ParOldGen       total 154112K, used 19658K [0x00000000c0000000, 0x00000000c9680000, 0x00000000eab00000)
  object space 154112K, 12% used [0x00000000c0000000,0x00000000c1332ba8,0x00000000c9680000)
 Metaspace       used 4717K, capacity 5424K, committed 5632K, reserved 1056768K
  class space    used 478K, capacity 488K, committed 512K, reserved 1048576K

